Using pre-set license
Built from '2022.3/release' branch; Version is '2022.3.5f1 (9674261d40ee) revision 9860134'; Using compiler version '192829333'; Build Type 'Release'
OS: 'Windows 10  (10.0.19045) 64bit Enterprise' Language: 'en' Physical Memory: 32595 MB
BatchMode: 1, IsHumanControllingUs: 0, StartBugReporterOnCrash: 0, Is64bit: 1, IsPro: 1

COMMAND LINE ARGUMENTS:
C:\Program Files\Unity\Hub\Editor\2022.3.5f1\Editor\Unity.exe
-adb2
-batchMode
-noUpm
-name
AssetImportWorker0
-projectPath
C:/Users/jmharper2.WAKETECH.003/SunnyTheSunflower1
-logFile
Logs/AssetImportWorker0.log
-srvPort
53478
Successfully changed project path to: C:/Users/jmharper2.WAKETECH.003/SunnyTheSunflower1
C:/Users/jmharper2.WAKETECH.003/SunnyTheSunflower1
[UnityMemory] Configuration Parameters - Can be set up in boot.config
    "memorysetup-bucket-allocator-granularity=16"
    "memorysetup-bucket-allocator-bucket-count=8"
    "memorysetup-bucket-allocator-block-size=33554432"
    "memorysetup-bucket-allocator-block-count=8"
    "memorysetup-main-allocator-block-size=16777216"
    "memorysetup-thread-allocator-block-size=16777216"
    "memorysetup-gfx-main-allocator-block-size=16777216"
    "memorysetup-gfx-thread-allocator-block-size=16777216"
    "memorysetup-cache-allocator-block-size=4194304"
    "memorysetup-typetree-allocator-block-size=2097152"
    "memorysetup-profiler-bucket-allocator-granularity=16"
    "memorysetup-profiler-bucket-allocator-bucket-count=8"
    "memorysetup-profiler-bucket-allocator-block-size=33554432"
    "memorysetup-profiler-bucket-allocator-block-count=8"
    "memorysetup-profiler-allocator-block-size=16777216"
    "memorysetup-profiler-editor-allocator-block-size=1048576"
    "memorysetup-temp-allocator-size-main=16777216"
    "memorysetup-job-temp-allocator-block-size=2097152"
    "memorysetup-job-temp-allocator-block-size-background=1048576"
    "memorysetup-job-temp-allocator-reduction-small-platforms=262144"
    "memorysetup-allocator-temp-initial-block-size-main=262144"
    "memorysetup-allocator-temp-initial-block-size-worker=262144"
    "memorysetup-temp-allocator-size-background-worker=32768"
    "memorysetup-temp-allocator-size-job-worker=262144"
    "memorysetup-temp-allocator-size-preload-manager=33554432"
    "memorysetup-temp-allocator-size-nav-mesh-worker=65536"
    "memorysetup-temp-allocator-size-audio-worker=65536"
    "memorysetup-temp-allocator-size-cloud-worker=32768"
    "memorysetup-temp-allocator-size-gi-baking-worker=262144"
    "memorysetup-temp-allocator-size-gfx=262144"
Player connection [21412] Host "[IP] 10.43.30.150 [Port] 0 [Flags] 2 [Guid] 2678155608 [EditorId] 2678155608 [Version] 1048832 [Id] WindowsEditor(7,SWE0319-18) [Debug] 1 [PackageName] WindowsEditor [ProjectName] Editor" joined multi-casting on [225.0.0.222:54997]...

Player connection [21412] Host "[IP] 10.43.30.150 [Port] 0 [Flags] 2 [Guid] 2678155608 [EditorId] 2678155608 [Version] 1048832 [Id] WindowsEditor(7,SWE0319-18) [Debug] 1 [PackageName] WindowsEditor [ProjectName] Editor" joined alternative multi-casting on [225.0.0.222:34997]...

Refreshing native plugins compatible for Editor in 1261.26 ms, found 4 plugins.
Preloading 0 native plugins for Editor in 0.00 ms.
Initialize engine version: 2022.3.5f1 (9674261d40ee)
[Subsystems] Discovering subsystems at path C:/Program Files/Unity/Hub/Editor/2022.3.5f1/Editor/Data/Resources/UnitySubsystems
[Subsystems] Discovering subsystems at path C:/Users/jmharper2.WAKETECH.003/SunnyTheSunflower1/Assets
GfxDevice: creating device client; threaded=0; jobified=0
Direct3D:
    Version:  Direct3D 11.0 [level 11.1]
    Renderer: AMD Radeon (TM) Pro WX 7100 Graphics (ID=0x67c4)
    Vendor:   ATI
    VRAM:     8135 MB
    Driver:   31.0.21018.6011
Initialize mono
Mono path[0] = 'C:/Program Files/Unity/Hub/Editor/2022.3.5f1/Editor/Data/Managed'
Mono path[1] = 'C:/Program Files/Unity/Hub/Editor/2022.3.5f1/Editor/Data/MonoBleedingEdge/lib/mono/unityjit-win32'
Mono config path = 'C:/Program Files/Unity/Hub/Editor/2022.3.5f1/Editor/Data/MonoBleedingEdge/etc'
Using monoOptions --debugger-agent=transport=dt_socket,embedding=1,server=y,suspend=n,address=127.0.0.1:56668
Begin MonoManager ReloadAssembly
Registering precompiled unity dll's ...
Register platform support module: C:/Program Files/Unity/Hub/Editor/2022.3.5f1/Editor/Data/PlaybackEngines/WebGLSupport/UnityEditor.WebGL.Extensions.dll
Register platform support module: C:/Program Files/Unity/Hub/Editor/2022.3.5f1/Editor/Data/PlaybackEngines/MacStandaloneSupport/UnityEditor.OSXStandalone.Extensions.dll
Register platform support module: C:/Program Files/Unity/Hub/Editor/2022.3.5f1/Editor/Data/PlaybackEngines/AndroidPlayer/UnityEditor.Android.Extensions.dll
Register platform support module: C:/Program Files/Unity/Hub/Editor/2022.3.5f1/Editor/Data/PlaybackEngines/iOSSupport/UnityEditor.iOS.Extensions.dll
Register platform support module: C:/Program Files/Unity/Hub/Editor/2022.3.5f1/Editor/Data/PlaybackEngines/AppleTVSupport/UnityEditor.AppleTV.Extensions.dll
Register platform support module: C:/Program Files/Unity/Hub/Editor/2022.3.5f1/Editor/Data/PlaybackEngines/WindowsStandaloneSupport/UnityEditor.WindowsStandalone.Extensions.dll
Register platform support module: C:/Program Files/Unity/Hub/Editor/2022.3.5f1/Editor/Data/PlaybackEngines/LinuxStandaloneSupport/UnityEditor.LinuxStandalone.Extensions.dll
Register platform support module: C:/Program Files/Unity/Hub/Editor/2022.3.5f1/Editor/Data/PlaybackEngines/MetroSupport/UnityEditor.UWP.Extensions.dll
Registered in 0.470334 seconds.
- Loaded All Assemblies, in  5.726 seconds
Native extension for UWP target not found
Native extension for LinuxStandalone target not found
Native extension for WindowsStandalone target not found
[usbmuxd] Start listen thread
[usbmuxd] Listen thread started
Native extension for AppleTV target not found
[usbmuxd] Start listen thread
[usbmuxd] Listen thread started
Native extension for iOS target not found
Native extension for Android target not found
Android Extension - Scanning For ADB Devices 456 ms
Native extension for OSXStandalone target not found
Native extension for WebGL target not found
Mono: successfully reloaded assembly
- Finished resetting the current domain, in  1.098 seconds
Domain Reload Profiling: 6822ms
	BeginReloadAssembly (3684ms)
		ExecutionOrderSort (0ms)
		DisableScriptedObjects (0ms)
		BackupInstance (0ms)
		ReleaseScriptingObjects (0ms)
		CreateAndSetChildDomain (1ms)
	RebuildCommonClasses (319ms)
	RebuildNativeTypeToScriptingClass (9ms)
	initialDomainReloadingComplete (517ms)
	LoadAllAssembliesAndSetupDomain (1194ms)
		LoadAssemblies (3683ms)
		RebuildTransferFunctionScriptingTraits (0ms)
		AnalyzeDomain (1185ms)
			TypeCache.Refresh (1184ms)
				TypeCache.ScanAssembly (987ms)
			ScanForSourceGeneratedMonoScriptInfo (0ms)
			ResolveRequiredComponents (0ms)
	FinalizeReload (1099ms)
		ReleaseScriptCaches (0ms)
		RebuildScriptCaches (0ms)
		SetupLoadedEditorAssemblies (1043ms)
			LogAssemblyErrors (0ms)
			InitializePlatformSupportModulesInManaged (902ms)
			SetLoadedEditorAssemblies (4ms)
			RefreshPlugins (0ms)
			BeforeProcessingInitializeOnLoad (2ms)
			ProcessInitializeOnLoadAttributes (86ms)
			ProcessInitializeOnLoadMethodAttributes (48ms)
			AfterProcessingInitializeOnLoad (0ms)
			EditorAssembliesLoaded (0ms)
		ExecutionOrderSort2 (0ms)
		AwakeInstancesAfterBackupRestoration (0ms)
========================================================================
Worker process is ready to serve import requests
Begin MonoManager ReloadAssembly
Symbol file LoadedFromMemory doesn't match image C:\Users\jmharper2.WAKETECH.003\SunnyTheSunflower1\Library\PackageCache\com.unity.visualscripting@1.8.0\Editor\VisualScripting.Core\Dependencies\YamlDotNet\Unity.VisualScripting.YamlDotNet.dll
Symbol file LoadedFromMemory doesn't match image C:\Users\jmharper2.WAKETECH.003\SunnyTheSunflower1\Library\PackageCache\com.unity.visualscripting@1.8.0\Editor\VisualScripting.Core\Dependencies\DotNetZip\Unity.VisualScripting.IonicZip.dll
- Loaded All Assemblies, in  6.115 seconds
Refreshing native plugins compatible for Editor in 4.63 ms, found 4 plugins.
Native extension for UWP target not found
Native extension for LinuxStandalone target not found
Native extension for WindowsStandalone target not found
Native extension for AppleTV target not found
Native extension for iOS target not found
Native extension for Android target not found
Native extension for OSXStandalone target not found
Native extension for WebGL target not found
Mono: successfully reloaded assembly
- Finished resetting the current domain, in  0.555 seconds
Domain Reload Profiling: 6666ms
	BeginReloadAssembly (112ms)
		ExecutionOrderSort (0ms)
		DisableScriptedObjects (5ms)
		BackupInstance (0ms)
		ReleaseScriptingObjects (0ms)
		CreateAndSetChildDomain (19ms)
	RebuildCommonClasses (30ms)
	RebuildNativeTypeToScriptingClass (9ms)
	initialDomainReloadingComplete (40ms)
	LoadAllAssembliesAndSetupDomain (5919ms)
		LoadAssemblies (5424ms)
		RebuildTransferFunctionScriptingTraits (0ms)
		AnalyzeDomain (541ms)
			TypeCache.Refresh (517ms)
				TypeCache.ScanAssembly (471ms)
			ScanForSourceGeneratedMonoScriptInfo (20ms)
			ResolveRequiredComponents (5ms)
	FinalizeReload (555ms)
		ReleaseScriptCaches (0ms)
		RebuildScriptCaches (0ms)
		SetupLoadedEditorAssemblies (399ms)
			LogAssemblyErrors (0ms)
			InitializePlatformSupportModulesInManaged (49ms)
			SetLoadedEditorAssemblies (3ms)
			RefreshPlugins (0ms)
			BeforeProcessingInitializeOnLoad (72ms)
			ProcessInitializeOnLoadAttributes (232ms)
			ProcessInitializeOnLoadMethodAttributes (34ms)
			AfterProcessingInitializeOnLoad (8ms)
			EditorAssembliesLoaded (0ms)
		ExecutionOrderSort2 (0ms)
		AwakeInstancesAfterBackupRestoration (6ms)
Launched and connected shader compiler UnityShaderCompiler.exe after 0.06 seconds
Refreshing native plugins compatible for Editor in 5.26 ms, found 4 plugins.
Preloading 0 native plugins for Editor in 0.00 ms.
Unloading 4008 Unused Serialized files (Serialized files now loaded: 0)
Unloading 69 unused Assets / (244.8 KB). Loaded Objects now: 4469.
Memory consumption went from 145.9 MB to 145.7 MB.
Total: 3.563400 ms (FindLiveObjects: 0.271300 ms CreateObjectMapping: 0.232800 ms MarkObjects: 2.881000 ms  DeleteObjects: 0.177500 ms)

AssetImportParameters requested are different than current active one (requested -> active):
  custom:container-demuxer-ogg: 62fdf1f143b41e24485cea50d1cbac27 -> 
  custom:video-decoder-ogg-theora: a1e56fd34408186e4bbccfd4996cb3dc -> 
  custom:framework-win-MediaFoundation: 216162199b28c13a410421893ffa2e32 -> 
  custom:CustomObjectIndexerAttribute: 756ad292c208cfabdd7b50bc23989ffe -> 
  custom:container-demuxer-webm: 4f35f7cbe854078d1ac9338744f61a02 -> 
  custom:container-muxer-webm: aa71ff27fc2769a1b78a27578f13a17b -> 
  custom:video-decoder-webm-vp8: 9c59270c3fd7afecdb556c50c9e8de78 -> 
  custom:AudioImporter_EditorPlatform: d09bf68614088b80899f8185d706f6e7 -> 
  custom:video-encoder-webm-vp8: eb34c28f22e8b96e1ab97ce403110664 -> 
  custom:audio-decoder-ogg-vorbis: bf7c407c2cedff20999df2af8eb42d56 -> 
  custom:audio-encoder-webm-vorbis: bf7c407c2cedff20999df2af8eb42d56 -> 
========================================================================
Received Import Request.
  Time since last request: 49387.673515 seconds.
  path: Assets/Tilemaps/MicrosoftTeams-image.png
  artifactKey: Guid(d60aacb2172ec4341a20da72cd1cd7e3) Importer(815301076,1909f56bfc062723c751e8b465ee728b)
Start importing Assets/Tilemaps/MicrosoftTeams-image.png using Guid(d60aacb2172ec4341a20da72cd1cd7e3) Importer(815301076,1909f56bfc062723c751e8b465ee728b)  -> (artifact id: 'e6c9ba354d8378908bf2c7f574b78133') in 0.071130 seconds
Number of updated asset objects reloaded before import = 0
Number of asset objects unloaded after import = 3
========================================================================
Received Import Request.
  Time since last request: 19.942814 seconds.
  path: Assets/Tilemaps/MicrosoftTeams-image.png
  artifactKey: Guid(d60aacb2172ec4341a20da72cd1cd7e3) Importer(815301076,1909f56bfc062723c751e8b465ee728b)
Start importing Assets/Tilemaps/MicrosoftTeams-image.png using Guid(d60aacb2172ec4341a20da72cd1cd7e3) Importer(815301076,1909f56bfc062723c751e8b465ee728b)  -> (artifact id: '1bf9e4da14f8b97c4aaf25c54f89b47c') in 0.019878 seconds
Number of updated asset objects reloaded before import = 0
Number of asset objects unloaded after import = 2
========================================================================
Received Import Request.
  Time since last request: 30.210483 seconds.
  path: Assets/Tilemaps/MicrosoftTeams-image.png
  artifactKey: Guid(d60aacb2172ec4341a20da72cd1cd7e3) Importer(815301076,1909f56bfc062723c751e8b465ee728b)
Start importing Assets/Tilemaps/MicrosoftTeams-image.png using Guid(d60aacb2172ec4341a20da72cd1cd7e3) Importer(815301076,1909f56bfc062723c751e8b465ee728b)  -> (artifact id: 'a7c55a061b2f4f403abc3b4d5c7914b7') in 0.012270 seconds
Number of updated asset objects reloaded before import = 0
Number of asset objects unloaded after import = 2
========================================================================
Received Import Request.
  Time since last request: 79.145495 seconds.
  path: Assets/Tilemaps/MicrosoftTeams-image.png
  artifactKey: Guid(d60aacb2172ec4341a20da72cd1cd7e3) Importer(815301076,1909f56bfc062723c751e8b465ee728b)
Start importing Assets/Tilemaps/MicrosoftTeams-image.png using Guid(d60aacb2172ec4341a20da72cd1cd7e3) Importer(815301076,1909f56bfc062723c751e8b465ee728b)  -> (artifact id: 'd2a39e99f540c015c1ded1240141d52c') in 0.026061 seconds
Number of updated asset objects reloaded before import = 0
Number of asset objects unloaded after import = 6
========================================================================
Received Import Request.
  Time since last request: 52.847767 seconds.
  path: Assets/Tilemaps/GWP.prefab
  artifactKey: Guid(d0621f247832bb840ba4e84b6db23b73) Importer(815301076,1909f56bfc062723c751e8b465ee728b)
Start importing Assets/Tilemaps/GWP.prefab using Guid(d0621f247832bb840ba4e84b6db23b73) Importer(815301076,1909f56bfc062723c751e8b465ee728b)  -> (artifact id: 'f8ef1bb3d56bd19e4e4884912d7222dd') in 0.034827 seconds
Number of updated asset objects reloaded before import = 0
Number of asset objects unloaded after import = 10
========================================================================
Received Import Request.
  Time since last request: 8.824850 seconds.
  path: Assets/Tilemaps/GWP.prefab
  artifactKey: Guid(d0621f247832bb840ba4e84b6db23b73) Importer(815301076,1909f56bfc062723c751e8b465ee728b)
Start importing Assets/Tilemaps/GWP.prefab using Guid(d0621f247832bb840ba4e84b6db23b73) Importer(815301076,1909f56bfc062723c751e8b465ee728b)  -> (artifact id: 'fe8efe39e000d9c901ccc364e45e66b6') in 0.006997 seconds
Number of updated asset objects reloaded before import = 0
Number of asset objects unloaded after import = 10
========================================================================
Received Import Request.
  Time since last request: 10.689444 seconds.
  path: Assets/Tilemaps/GWP.prefab
  artifactKey: Guid(d0621f247832bb840ba4e84b6db23b73) Importer(815301076,1909f56bfc062723c751e8b465ee728b)
Start importing Assets/Tilemaps/GWP.prefab using Guid(d0621f247832bb840ba4e84b6db23b73) Importer(815301076,1909f56bfc062723c751e8b465ee728b)  -> (artifact id: '80b160dd624f0f85732f6f08c35a9eae') in 0.015379 seconds
Number of updated asset objects reloaded before import = 0
Number of asset objects unloaded after import = 13
========================================================================
Received Import Request.
  Time since last request: 72.562884 seconds.
  path: Assets/Tilemaps/GWP.prefab
  artifactKey: Guid(d0621f247832bb840ba4e84b6db23b73) Importer(815301076,1909f56bfc062723c751e8b465ee728b)
Start importing Assets/Tilemaps/GWP.prefab using Guid(d0621f247832bb840ba4e84b6db23b73) Importer(815301076,1909f56bfc062723c751e8b465ee728b)  -> (artifact id: '1b5599c93653987bae7b8ad532015fa7') in 0.015799 seconds
Number of updated asset objects reloaded before import = 0
Number of asset objects unloaded after import = 13
========================================================================
Received Import Request.
  Time since last request: 0.000016 seconds.
  path: Assets/Tilemaps/MicrosoftTeams-image_0.asset
  artifactKey: Guid(28fb6b8aa26d6b040acf83db520eec8a) Importer(815301076,1909f56bfc062723c751e8b465ee728b)
Start importing Assets/Tilemaps/MicrosoftTeams-image_0.asset using Guid(28fb6b8aa26d6b040acf83db520eec8a) Importer(815301076,1909f56bfc062723c751e8b465ee728b)  -> (artifact id: '0a80c04a4931f8ff5f38f0e192fc3430') in 0.017151 seconds
Number of updated asset objects reloaded before import = 0
Number of asset objects unloaded after import = 3
========================================================================
Received Import Request.
  Time since last request: 20.115907 seconds.
  path: Assets/Tilemaps/GWP.prefab
  artifactKey: Guid(d0621f247832bb840ba4e84b6db23b73) Importer(815301076,1909f56bfc062723c751e8b465ee728b)
Start importing Assets/Tilemaps/GWP.prefab using Guid(d0621f247832bb840ba4e84b6db23b73) Importer(815301076,1909f56bfc062723c751e8b465ee728b)  -> (artifact id: '97d273808c509528ab8e98f1fe7c839c') in 0.014894 seconds
Number of updated asset objects reloaded before import = 0
Number of asset objects unloaded after import = 15
========================================================================
Received Import Request.
  Time since last request: 4.010928 seconds.
  path: Assets/Tilemaps/GWP.prefab
  artifactKey: Guid(d0621f247832bb840ba4e84b6db23b73) Importer(815301076,1909f56bfc062723c751e8b465ee728b)
Start importing Assets/Tilemaps/GWP.prefab using Guid(d0621f247832bb840ba4e84b6db23b73) Importer(815301076,1909f56bfc062723c751e8b465ee728b)  -> (artifact id: '9ac2c032b0f73c5cbe8645af21291542') in 0.013905 seconds
Number of updated asset objects reloaded before import = 0
Number of asset objects unloaded after import = 17
========================================================================
Received Import Request.
  Time since last request: 22.771608 seconds.
  path: Assets/Tilemaps/GWP.prefab
  artifactKey: Guid(d0621f247832bb840ba4e84b6db23b73) Importer(815301076,1909f56bfc062723c751e8b465ee728b)
Start importing Assets/Tilemaps/GWP.prefab using Guid(d0621f247832bb840ba4e84b6db23b73) Importer(815301076,1909f56bfc062723c751e8b465ee728b)  -> (artifact id: 'd1b76c0c958e45788bd9368a855b30ab') in 0.015088 seconds
Number of updated asset objects reloaded before import = 0
Number of asset objects unloaded after import = 19
========================================================================
Received Import Request.
  Time since last request: 5.651323 seconds.
  path: Assets/Tilemaps/GWP.prefab
  artifactKey: Guid(d0621f247832bb840ba4e84b6db23b73) Importer(815301076,1909f56bfc062723c751e8b465ee728b)
Start importing Assets/Tilemaps/GWP.prefab using Guid(d0621f247832bb840ba4e84b6db23b73) Importer(815301076,1909f56bfc062723c751e8b465ee728b)  -> (artifact id: '6ad4184c451c2da77b08b998cca60ada') in 0.015963 seconds
Number of updated asset objects reloaded before import = 0
Number of asset objects unloaded after import = 21
========================================================================
Received Import Request.
  Time since last request: 3.313631 seconds.
  path: Assets/Tilemaps/GWP.prefab
  artifactKey: Guid(d0621f247832bb840ba4e84b6db23b73) Importer(815301076,1909f56bfc062723c751e8b465ee728b)
Start importing Assets/Tilemaps/GWP.prefab using Guid(d0621f247832bb840ba4e84b6db23b73) Importer(815301076,1909f56bfc062723c751e8b465ee728b)  -> (artifact id: '93cb45227534497214ce6ab394a97092') in 0.015606 seconds
Number of updated asset objects reloaded before import = 0
Number of asset objects unloaded after import = 23
========================================================================
Received Import Request.
  Time since last request: 245.611424 seconds.
  path: Assets/Tilemaps/GWP.prefab
  artifactKey: Guid(d0621f247832bb840ba4e84b6db23b73) Importer(815301076,1909f56bfc062723c751e8b465ee728b)
Start importing Assets/Tilemaps/GWP.prefab using Guid(d0621f247832bb840ba4e84b6db23b73) Importer(815301076,1909f56bfc062723c751e8b465ee728b)  -> (artifact id: '47fe95e80e242e48d5828fb8fa53f4d4') in 0.012883 seconds
Number of updated asset objects reloaded before import = 0
Number of asset objects unloaded after import = 23
========================================================================
Received Import Request.
  Time since last request: 0.010696 seconds.
  path: Assets/Tilemaps/MicrosoftTeams-image_2.asset
  artifactKey: Guid(7eeb12192ce7d31498c514f3e38781be) Importer(815301076,1909f56bfc062723c751e8b465ee728b)
Start importing Assets/Tilemaps/MicrosoftTeams-image_2.asset using Guid(7eeb12192ce7d31498c514f3e38781be) Importer(815301076,1909f56bfc062723c751e8b465ee728b)  -> (artifact id: 'ce37be26768f0c54a2334d3ab419a8c6') in 0.010445 seconds
Number of updated asset objects reloaded before import = 0
Number of asset objects unloaded after import = 3
========================================================================
Received Import Request.
  Time since last request: 0.000020 seconds.
  path: Assets/Tilemaps/MicrosoftTeams-image_4.asset
  artifactKey: Guid(c998b5ebd3edf5244994c4fe76666dea) Importer(815301076,1909f56bfc062723c751e8b465ee728b)
Start importing Assets/Tilemaps/MicrosoftTeams-image_4.asset using Guid(c998b5ebd3edf5244994c4fe76666dea) Importer(815301076,1909f56bfc062723c751e8b465ee728b)  -> (artifact id: '9d101047246976c9c15dc05b8768cd82') in 0.010314 seconds
Number of updated asset objects reloaded before import = 0
Number of asset objects unloaded after import = 3
========================================================================
Received Import Request.
  Time since last request: 0.000015 seconds.
  path: Assets/Tilemaps/MicrosoftTeams-image_1.asset
  artifactKey: Guid(336a60bd5764c1042975423a6d6bef65) Importer(815301076,1909f56bfc062723c751e8b465ee728b)
Start importing Assets/Tilemaps/MicrosoftTeams-image_1.asset using Guid(336a60bd5764c1042975423a6d6bef65) Importer(815301076,1909f56bfc062723c751e8b465ee728b)  -> (artifact id: '334f84858122ef0bb46d5f8e4499c62e') in 0.009021 seconds
Number of updated asset objects reloaded before import = 0
Number of asset objects unloaded after import = 3
========================================================================
Received Import Request.
  Time since last request: 0.000015 seconds.
  path: Assets/Tilemaps/MicrosoftTeams-image_5.asset
  artifactKey: Guid(177c53f2836fbb04789173621dfb830a) Importer(815301076,1909f56bfc062723c751e8b465ee728b)
Start importing Assets/Tilemaps/MicrosoftTeams-image_5.asset using Guid(177c53f2836fbb04789173621dfb830a) Importer(815301076,1909f56bfc062723c751e8b465ee728b)  -> (artifact id: 'f3182c4d1b2e89542550b5dcdd3b8ea9') in 0.009720 seconds
Number of updated asset objects reloaded before import = 0
Number of asset objects unloaded after import = 3
Editor requested this worker to shutdown with reason: Scaling down because of idle timeout
TcpMessagingSession - receive error: operation aborted. errorcode: 995, details: The I/O operation has been aborted because of either a thread exit or an application request.
AssetImportWorker is now disconnected from the server
Process exiting
Exiting without the bug reporter. Application will terminate with return code 0